[27May2025 00:04:43.843] [Server thread/INFO] [net.minecraft.server.MinecraftServer/]: tatoooo has made the advancement [...And My Axe!]
[27May2025 00:04:48.485] [Server thread/INFO] [net.minecraft.server.MinecraftServer/]: Shiraori30 has made the advancement [Take Aim]
[27May2025 00:07:46.388] [Server thread/INFO] [net.minecraft.server.MinecraftServer/]: Shiraori30 has made the advancement [First Age]
[27May2025 00:08:38.036] [Server thread/INFO] [net.minecraft.server.MinecraftServer/]: Shiraori30 has made the advancement [En Garde!]
[27May2025 00:09:57.736] [Server thread/INFO] [net.minecraft.server.MinecraftServer/]: tatoooo has made the advancement [Staring into the Void]
[27May2025 00:11:10.636] [Server thread/INFO] [net.minecraft.server.MinecraftServer/]: Shiraori30 has made the advancement [Staring into the Void]
[27May2025 00:12:21.985] [Server thread/INFO] [net.minecraft.server.MinecraftServer/]: Shiraori30 has made the advancement [Not Today, Thank You]
[27May2025 00:12:29.383] [Server thread/INFO] [net.minecraft.server.MinecraftServer/]: Shiraori30 burned to death
[27May2025 00:13:43.431] [Server thread/INFO] [net.minecraft.server.MinecraftServer/]: Shiraori30 was slain by Deathword
[27May2025 00:13:54.959] [Server thread/INFO] [net.minecraft.server.MinecraftServer/]: tatoooo has made the advancement [Acquire Hardware]
[27May2025 00:14:19.240] [Server thread/INFO] [net.minecraft.server.MinecraftServer/]: tatoooo has made the advancement [Isn't It Iron Pick]
[27May2025 00:14:23.836] [Server thread/INFO] [net.minecraft.server.MinecraftServer/]: Shiraori30 was shot by Skeleton
[27May2025 00:14:27.749] [Server thread/INFO] [net.minecraft.server.MinecraftServer/]: tatoooo has made the advancement [Mining 2]
[27May2025 00:16:52.887] [Server thread/INFO] [net.minecraft.server.MinecraftServer/]: tatoooo fell from a high place
[27May2025 00:17:50.718] [Server thread/INFO] [net.minecraft.server.MinecraftServer/]: Shiraori30 has made the advancement [Isn't It Iron Pick]
[27May2025 00:19:06.521] [Server thread/INFO] [net.minecraft.server.MinecraftServer/]: Shiraori30 has made the advancement [Mining 3]
[27May2025 00:21:58.168] [Server thread/INFO] [net.minecraft.server.MinecraftServer/]: tatoooo has made the advancement [Sneak 100]
[27May2025 00:22:02.767] [Server thread/INFO] [net.minecraft.server.MinecraftServer/]: Shiraori30 has made the advancement [Sneak 100]
[27May2025 00:23:11.232] [Server thread/INFO] [net.minecraft.server.MinecraftServer/]: Shiraori30 was slain by Warden
[27May2025 00:23:48.135] [Server thread/INFO] [net.minecraft.server.MinecraftServer/]: tatoooo was doomed to fall by Warden
[27May2025 00:25:33.193] [Server thread/WARN] [net.minecraft.server.network.ServerGamePacketListenerImpl/]: Boat (vehicle of tatoooo) moved too quickly! 3.0518142575748897,-6.315148294576112,7.658269281590265
[27May2025 00:25:33.211] [Server thread/WARN] [net.minecraft.server.network.ServerGamePacketListenerImpl/]: Boat (vehicle of tatoooo) moved too quickly! 3.286973873253558,-7.045173031335377,7.950058789918103
[27May2025 00:37:50.852] [Server thread/INFO] [net.minecraft.server.MinecraftServer/]: Shiraori30 hit the ground too hard
[27May2025 00:49:04.085] [Server thread/INFO] [net.minecraft.server.MinecraftServer/]: tatoooo was slain by Warden
[27May2025 00:52:21.804] [Server thread/INFO] [net.minecraft.server.MinecraftServer/]: tatoooo fell from a high place
[27May2025 00:54:49.133] [Server thread/INFO] [net.minecraft.server.MinecraftServer/]: Shiraori30 was slain by Warden
[27May2025 00:55:23.687] [Server thread/INFO] [net.minecraft.server.network.ServerGamePacketListenerImpl/]: tatoooo lost connection: Disconnected
[27May2025 00:55:23.688] [Server thread/INFO] [net.minecraft.server.MinecraftServer/]: tatoooo left the game
[27May2025 00:55:35.288] [Server thread/INFO] [net.minecraft.server.network.ServerGamePacketListenerImpl/]: Shiraori30 lost connection: Disconnected
[27May2025 00:55:35.289] [Server thread/INFO] [net.minecraft.server.MinecraftServer/]: Shiraori30 left the game
